2021-06-29T04:01:44+00:00 CRITICAL syntax error, unexpected 'return' (T_RETURN), expecting ')' in C:\xampp\htdocs\wpdemo\wp-content\themes\twentytwentyone-child\functions.php on line 27

2021-06-29T04:01:45+00:00 CRITICAL syntax error, unexpected 'return' (T_RETURN), expecting ')' in C:\xampp\htdocs\wpdemo\wp-content\themes\twentytwentyone-child\functions.php on line 27

2021-06-29T04:01:45+00:00 CRITICAL syntax error, unexpected 'return' (T_RETURN), expecting ')' in C:\xampp\htdocs\wpdemo\wp-content\themes\twentytwentyone-child\functions.php on line 27

2021-06-29T04:01:56+00:00 CRITICAL syntax error, unexpected 'return' (T_RETURN), expecting ')' in C:\xampp\htdocs\wpdemo\wp-content\themes\twentytwentyone-child\functions.php on line 27

2021-06-29T04:02:18+00:00 CRITICAL syntax error, unexpected 'return' (T_RETURN), expecting ')' in C:\xampp\htdocs\wpdemo\wp-content\themes\twentytwentyone-child\functions.php on line 27

2021-06-29T04:02:26+00:00 CRITICAL syntax error, unexpected 'return' (T_RETURN), expecting ')' in C:\xampp\htdocs\wpdemo\wp-content\themes\twentytwentyone-child\functions.php on line 27

2021-06-29T04:02:33+00:00 CRITICAL syntax error, unexpected 'return' (T_RETURN), expecting ')' in C:\xampp\htdocs\wpdemo\wp-content\themes\twentytwentyone-child\functions.php on line 27

2021-06-29T04:02:41+00:00 CRITICAL syntax error, unexpected 'return' (T_RETURN), expecting ')' in C:\xampp\htdocs\wpdemo\wp-content\themes\twentytwentyone-child\functions.php on line 27

2021-06-29T04:03:13+00:00 CRITICAL syntax error, unexpected 'return' (T_RETURN), expecting ')' in C:\xampp\htdocs\wpdemo\wp-content\themes\twentytwentyone-child\functions.php on line 27

2021-06-29T04:03:41+00:00 CRITICAL syntax error, unexpected 'return' (T_RETURN), expecting ')' in C:\xampp\htdocs\wpdemo\wp-content\themes\twentytwentyone-child\functions.php on line 27

2021-06-29T04:03:42+00:00 CRITICAL syntax error, unexpected 'return' (T_RETURN), expecting ')' in C:\xampp\htdocs\wpdemo\wp-content\themes\twentytwentyone-child\functions.php on line 27

2021-06-29T04:03:42+00:00 CRITICAL syntax error, unexpected 'return' (T_RETURN), expecting ')' in C:\xampp\htdocs\wpdemo\wp-content\themes\twentytwentyone-child\functions.php on line 27

2021-06-29T04:03:44+00:00 CRITICAL syntax error, unexpected 'return' (T_RETURN), expecting ')' in C:\xampp\htdocs\wpdemo\wp-content\themes\twentytwentyone-child\functions.php on line 27

2021-06-29T04:04:05+00:00 CRITICAL syntax error, unexpected 'return' (T_RETURN), expecting ')' in C:\xampp\htdocs\wpdemo\wp-content\themes\twentytwentyone-child\functions.php on line 27

2021-06-29T04:04:11+00:00 CRITICAL syntax error, unexpected 'return' (T_RETURN), expecting ')' in C:\xampp\htdocs\wpdemo\wp-content\themes\twentytwentyone-child\functions.php on line 27

2021-06-29T04:04:45+00:00 CRITICAL syntax error, unexpected 'return' (T_RETURN), expecting ')' in C:\xampp\htdocs\wpdemo\wp-content\themes\twentytwentyone-child\functions.php on line 27

2021-06-29T05:13:11+00:00 CRITICAL Cannot redeclare example_add_dashboard_widgets() (previously declared in C:\xampp\htdocs\wpdemo\wp-content\themes\twentytwentyone-child\functions.php:621) in C:\xampp\htdocs\wpdemo\wp-content\themes\twentytwentyone-child\functions.php on line 636

2021-06-29T05:13:11+00:00 CRITICAL Cannot redeclare example_add_dashboard_widgets() (previously declared in C:\xampp\htdocs\wpdemo\wp-content\themes\twentytwentyone-child\functions.php:621) in C:\xampp\htdocs\wpdemo\wp-content\themes\twentytwentyone-child\functions.php on line 636

2021-06-29T06:02:43+00:00 CRITICAL Uncaught ArgumentCountError: Too few arguments to function wpse125952_redirect_to_request(), 2 passed in C:\xampp\htdocs\wpdemo\wp-includes\class-wp-hook.php on line 292 and exactly 3 expected in C:\xampp\htdocs\wpdemo\wp-content\themes\twentytwentyone-child\functions.php:322
Stack trace:
#0 C:\xampp\htdocs\wpdemo\wp-includes\class-wp-hook.php(292): wpse125952_redirect_to_request('/wpdemo/my-acco...', Object(WP_User))
#1 C:\xampp\htdocs\wpdemo\wp-includes\plugin.php(212): WP_Hook->apply_filters('/wpdemo/my-acco...', Array)
#2 C:\xampp\htdocs\wpdemo\wp-content\plugins\woocommerce\includes\class-wc-form-handler.php(979): apply_filters('woocommerce_log...', '/wpdemo/my-acco...', Object(WP_User))
#3 C:\xampp\htdocs\wpdemo\wp-includes\class-wp-hook.php(292): WC_Form_Handler::process_login('')
#4 C:\xampp\htdocs\wpdemo\wp-includes\class-wp-hook.php(316): WP_Hook->apply_filters(NULL, Array)
#5 C:\xampp\htdocs\wpdemo\wp-includes\plugin.php(484): WP_Hook->do_action(Array)
#6 C:\xampp\htdocs\wpdemo\wp-settings.php(582) in C:\xampp\htdocs\wpdemo\wp-content\themes\twentytwentyone-child\functions.php on line 322

