2021-06-09T11:04:39+00:00 CRITICAL require_once(): Failed opening required '../library/multi-post-thumbnails.php' (include_path='C:\xampp\php\PEAR') in C:\xampp\htdocs\wpdemo\wp-content\themes\twentytwentyone-child\functions.php on line 163

2021-06-09T11:04:39+00:00 CRITICAL require_once(): Failed opening required '../library/multi-post-thumbnails.php' (include_path='C:\xampp\php\PEAR') in C:\xampp\htdocs\wpdemo\wp-content\themes\twentytwentyone-child\functions.php on line 163

2021-06-09T11:06:14+00:00 CRITICAL require_once(): Failed opening required '/library/multi-post-thumbnails.php' (include_path='C:\xampp\php\PEAR') in C:\xampp\htdocs\wpdemo\wp-content\themes\twentytwentyone-child\functions.php on line 163

2021-06-09T11:08:15+00:00 CRITICAL require_once(): Failed opening required '/library/multi-post-thumbnails.php' (include_path='C:\xampp\php\PEAR') in C:\xampp\htdocs\wpdemo\wp-content\themes\twentytwentyone-child\functions.php on line 163

2021-06-09T11:09:49+00:00 CRITICAL require_once(): Failed opening required '/library/multi-post-thumbnails.php' (include_path='C:\xampp\php\PEAR') in C:\xampp\htdocs\wpdemo\wp-content\themes\twentytwentyone-child\functions.php on line 163

2021-06-09T11:09:51+00:00 CRITICAL require_once(): Failed opening required '/library/multi-post-thumbnails.php' (include_path='C:\xampp\php\PEAR') in C:\xampp\htdocs\wpdemo\wp-content\themes\twentytwentyone-child\functions.php on line 163

2021-06-09T11:10:20+00:00 CRITICAL require_once(): Failed opening required '&lt;?php echo get_stylesheet_directory_uri(); ?&gt;/library/multi-post-thumbnails.php' (include_path='C:\xampp\php\PEAR') in C:\xampp\htdocs\wpdemo\wp-content\themes\twentytwentyone-child\functions.php on line 163

2021-06-09T11:10:31+00:00 CRITICAL require_once(): Failed opening required '/library/multi-post-thumbnails.php' (include_path='C:\xampp\php\PEAR') in C:\xampp\htdocs\wpdemo\wp-content\themes\twentytwentyone-child\functions.php on line 163

2021-06-09T11:11:55+00:00 CRITICAL require_once(): Failed opening required 'C:\xampp\htdocs\wpdemo/wp-content/themes/twentytwentyone/library/multi-post-thumbnails.php' (include_path='C:\xampp\php\PEAR') in C:\xampp\htdocs\wpdemo\wp-content\themes\twentytwentyone-child\functions.php on line 163

2021-06-09T11:11:55+00:00 CRITICAL require_once(): Failed opening required 'C:\xampp\htdocs\wpdemo/wp-content/themes/twentytwentyone/library/multi-post-thumbnails.php' (include_path='C:\xampp\php\PEAR') in C:\xampp\htdocs\wpdemo\wp-content\themes\twentytwentyone-child\functions.php on line 163

2021-06-09T11:11:56+00:00 CRITICAL require_once(): Failed opening required 'C:\xampp\htdocs\wpdemo/wp-content/themes/twentytwentyone/library/multi-post-thumbnails.php' (include_path='C:\xampp\php\PEAR') in C:\xampp\htdocs\wpdemo\wp-content\themes\twentytwentyone-child\functions.php on line 163

2021-06-09T11:11:56+00:00 CRITICAL require_once(): Failed opening required 'C:\xampp\htdocs\wpdemo/wp-content/themes/twentytwentyone/library/multi-post-thumbnails.php' (include_path='C:\xampp\php\PEAR') in C:\xampp\htdocs\wpdemo\wp-content\themes\twentytwentyone-child\functions.php on line 163

2021-06-09T11:22:44+00:00 CRITICAL require_once(): Failed opening required '/library/multi-post-thumbnails.php' (include_path='C:\xampp\php\PEAR') in C:\xampp\htdocs\wpdemo\wp-content\themes\twentytwentyone-child\functions.php on line 163

2021-06-09T11:22:44+00:00 CRITICAL require_once(): Failed opening required '/library/multi-post-thumbnails.php' (include_path='C:\xampp\php\PEAR') in C:\xampp\htdocs\wpdemo\wp-content\themes\twentytwentyone-child\functions.php on line 163

2021-06-09T11:22:44+00:00 CRITICAL require_once(): Failed opening required '/library/multi-post-thumbnails.php' (include_path='C:\xampp\php\PEAR') in C:\xampp\htdocs\wpdemo\wp-content\themes\twentytwentyone-child\functions.php on line 163

2021-06-09T11:22:45+00:00 CRITICAL require_once(): Failed opening required '/library/multi-post-thumbnails.php' (include_path='C:\xampp\php\PEAR') in C:\xampp\htdocs\wpdemo\wp-content\themes\twentytwentyone-child\functions.php on line 163

2021-06-09T11:23:02+00:00 CRITICAL require_once(): Failed opening required '/library/multi-post-thumbnails.php' (include_path='C:\xampp\php\PEAR') in C:\xampp\htdocs\wpdemo\wp-content\themes\twentytwentyone-child\functions.php on line 163

2021-06-09T11:23:03+00:00 CRITICAL require_once(): Failed opening required '/library/multi-post-thumbnails.php' (include_path='C:\xampp\php\PEAR') in C:\xampp\htdocs\wpdemo\wp-content\themes\twentytwentyone-child\functions.php on line 163

2021-06-09T11:23:43+00:00 CRITICAL require_once(): Failed opening required 'twentytwentyone-child/library/multi-post-thumbnails.php' (include_path='C:\xampp\php\PEAR') in C:\xampp\htdocs\wpdemo\wp-content\themes\twentytwentyone-child\functions.php on line 163

2021-06-09T11:23:45+00:00 CRITICAL require_once(): Failed opening required '/twentytwentyone-child/library/multi-post-thumbnails.php' (include_path='C:\xampp\php\PEAR') in C:\xampp\htdocs\wpdemo\wp-content\themes\twentytwentyone-child\functions.php on line 163

2021-06-09T11:23:45+00:00 CRITICAL require_once(): Failed opening required '/twentytwentyone-child/library/multi-post-thumbnails.php' (include_path='C:\xampp\php\PEAR') in C:\xampp\htdocs\wpdemo\wp-content\themes\twentytwentyone-child\functions.php on line 163

2021-06-09T11:23:56+00:00 CRITICAL require_once(): Failed opening required 'http://localhost/wpdemo/twentytwentyone-child/library/multi-post-thumbnails.php' (include_path='C:\xampp\php\PEAR') in C:\xampp\htdocs\wpdemo\wp-content\themes\twentytwentyone-child\functions.php on line 163

2021-06-09T11:26:08+00:00 CRITICAL require_once(): Failed opening required '/library/multi-post-thumbnails.php' (include_path='C:\xampp\php\PEAR') in C:\xampp\htdocs\wpdemo\wp-content\themes\twentytwentyone-child\functions.php on line 166

2021-06-09T11:26:08+00:00 CRITICAL require_once(): Failed opening required '/library/multi-post-thumbnails.php' (include_path='C:\xampp\php\PEAR') in C:\xampp\htdocs\wpdemo\wp-content\themes\twentytwentyone-child\functions.php on line 166

2021-06-09T11:26:09+00:00 CRITICAL require_once(): Failed opening required '/library/multi-post-thumbnails.php' (include_path='C:\xampp\php\PEAR') in C:\xampp\htdocs\wpdemo\wp-content\themes\twentytwentyone-child\functions.php on line 166

2021-06-09T11:26:17+00:00 CRITICAL require_once(): Failed opening required 'multi-post-thumbnails.php' (include_path='C:\xampp\php\PEAR') in C:\xampp\htdocs\wpdemo\wp-content\themes\twentytwentyone-child\functions.php on line 166

2021-06-09T11:26:18+00:00 CRITICAL require_once(): Failed opening required 'multi-post-thumbnails.php' (include_path='C:\xampp\php\PEAR') in C:\xampp\htdocs\wpdemo\wp-content\themes\twentytwentyone-child\functions.php on line 166

